Traceback (most recent call last):
  File "C:\Users\User\anaconda3\envs\msc-research\lib\site-packages\jupyter_cache\executors\utils.py", line 51, in single_nb_execution
    executenb(
  File "C:\Users\User\anaconda3\envs\msc-research\lib\site-packages\nbclient\client.py", line 1204, in execute
    return NotebookClient(nb=nb, resources=resources, km=km, **kwargs).execute()
  File "C:\Users\User\anaconda3\envs\msc-research\lib\site-packages\nbclient\util.py", line 84, in wrapped
    return just_run(coro(*args, **kwargs))
  File "C:\Users\User\anaconda3\envs\msc-research\lib\site-packages\nbclient\util.py", line 62, in just_run
    return loop.run_until_complete(coro)
  File "C:\Users\User\anaconda3\envs\msc-research\lib\asyncio\base_events.py", line 646, in run_until_complete
    return future.result()
  File "C:\Users\User\anaconda3\envs\msc-research\lib\site-packages\nbclient\client.py", line 663, in async_execute
    await self.async_execute_cell(
  File "C:\Users\User\anaconda3\envs\msc-research\lib\site-packages\nbclient\client.py", line 965, in async_execute_cell
    await self._check_raise_for_error(cell, cell_index, exec_reply)
  File "C:\Users\User\anaconda3\envs\msc-research\lib\site-packages\nbclient\client.py", line 862, in _check_raise_for_error
    raise CellExecutionError.from_cell_and_msg(cell, exec_reply_content)
nbclient.exceptions.CellExecutionError: An error occurred while executing the following cell:
------------------
mean_max = mean_corr_ds.SOI.max()
mean_min = mean_corr_ds.SOI.min()
var_max = var_corr_ds.SOI.max()
var_min = var_corr_ds.SOI.min()

fig = plt.figure(figsize=(15,6))

ax1 = plt.subplot(1, 2, 1, projection=ccrs.Orthographic(central_longitude=0.0, central_latitude=-90.0))
ax1.contourf(mean_corr_ds.lon, mean_corr_ds.lat, mean_corr_ds.SOI.transpose(), 60,
             transform=ccrs.PlateCarree(), cmap=cm.seismic)
ax1.coastlines()
ax1.set_title("Mean Height Anomalies")

sm1 = plt.cm.ScalarMappable(cmap=cm.seismic, norm=plt.Normalize(vmin=mean_min, vmax=mean_max))
sm1._A = []
plt.colorbar(sm1, ax=ax1, ticks=[0.1, 0.05, 0, -0.05, -0.1])

ax2 = plt.subplot(1, 2, 2, projection=ccrs.Orthographic(central_longitude=0.0, central_latitude=-90.0))
ax2.contourf(var_corr_ds.lon, var_corr_ds.lat, var_corr_ds.SOI.transpose(), 60,
             transform=ccrs.PlateCarree(), cmap=cm.seismic)
ax2.coastlines()
ax2.set_title("Variance Anomalies")

sm2 = plt.cm.ScalarMappable(cmap=cm.seismic, norm=plt.Normalize(vmin=var_min, vmax=var_max))
sm2._A = []
plt.colorbar(sm2, ax=ax2, ticks=[0.4, 0.3, 0.2, 0.1, 0, -0.1, -0.2, -0.3, -0.4])

fig.suptitle("Rank Correlations between SOI and 2-8 Day Bandpassed 500hPa Geopotential Height Field", fontsize=16)

plt.show()
------------------

[1;31m---------------------------------------------------------------------------[0m
[1;31mTypeError[0m                                 Traceback (most recent call last)
Input [1;32mIn [4][0m, in [0;36m<cell line: 9>[1;34m()[0m
[0;32m      6[0m fig [38;5;241m=[39m plt[38;5;241m.[39mfigure(figsize[38;5;241m=[39m([38;5;241m15[39m,[38;5;241m6[39m))
[0;32m      8[0m ax1 [38;5;241m=[39m plt[38;5;241m.[39msubplot([38;5;241m1[39m, [38;5;241m2[39m, [38;5;241m1[39m, projection[38;5;241m=[39mccrs[38;5;241m.[39mOrthographic(central_longitude[38;5;241m=[39m[38;5;241m0.0[39m, central_latitude[38;5;241m=[39m[38;5;241m-[39m[38;5;241m90.0[39m))
[1;32m----> 9[0m [43max1[49m[38;5;241;43m.[39;49m[43mcontourf[49m[43m([49m[43mmean_corr_ds[49m[38;5;241;43m.[39;49m[43mlon[49m[43m,[49m[43m [49m[43mmean_corr_ds[49m[38;5;241;43m.[39;49m[43mlat[49m[43m,[49m[43m [49m[43mmean_corr_ds[49m[38;5;241;43m.[39;49m[43mSOI[49m[38;5;241;43m.[39;49m[43mtranspose[49m[43m([49m[43m)[49m[43m,[49m[43m [49m[38;5;241;43m60[39;49m[43m,[49m
[0;32m     10[0m [43m             [49m[43mtransform[49m[38;5;241;43m=[39;49m[43mccrs[49m[38;5;241;43m.[39;49m[43mPlateCarree[49m[43m([49m[43m)[49m[43m,[49m[43m [49m[43mcmap[49m[38;5;241;43m=[39;49m[43mcm[49m[38;5;241;43m.[39;49m[43mseismic[49m[43m)[49m
[0;32m     11[0m ax1[38;5;241m.[39mcoastlines()
[0;32m     12[0m ax1[38;5;241m.[39mset_title([38;5;124m"[39m[38;5;124mMean Height Anomalies[39m[38;5;124m"[39m)

File [1;32mc:\Users\User\anaconda3\envs\msc-research\lib\site-packages\cartopy\mpl\geoaxes.py:318[0m, in [0;36m_add_transform.<locals>.wrapper[1;34m(self, *args, **kwargs)[0m
[0;32m    313[0m     [38;5;28;01mraise[39;00m [38;5;167;01mValueError[39;00m([38;5;124mf[39m[38;5;124m'[39m[38;5;124mInvalid transform: Spherical [39m[38;5;132;01m{[39;00mfunc[38;5;241m.[39m[38;5;18m__name__[39m[38;5;132;01m}[39;00m[38;5;124m [39m[38;5;124m'[39m
[0;32m    314[0m                      [38;5;124m'[39m[38;5;124mis not supported - consider using [39m[38;5;124m'[39m
[0;32m    315[0m                      [38;5;124m'[39m[38;5;124mPlateCarree/RotatedPole.[39m[38;5;124m'[39m)
[0;32m    317[0m kwargs[[38;5;124m'[39m[38;5;124mtransform[39m[38;5;124m'[39m] [38;5;241m=[39m transform
[1;32m--> 318[0m [38;5;28;01mreturn[39;00m func([38;5;28mself[39m, [38;5;241m*[39margs, [38;5;241m*[39m[38;5;241m*[39mkwargs)

File [1;32mc:\Users\User\anaconda3\envs\msc-research\lib\site-packages\cartopy\mpl\geoaxes.py:362[0m, in [0;36m_add_transform_first.<locals>.wrapper[1;34m(self, *args, **kwargs)[0m
[0;32m    360[0m     [38;5;66;03m# Use the new points as the input arguments[39;00m
[0;32m    361[0m     args [38;5;241m=[39m (x, y, z) [38;5;241m+[39m args[[38;5;241m3[39m:]
[1;32m--> 362[0m [38;5;28;01mreturn[39;00m func([38;5;28mself[39m, [38;5;241m*[39margs, [38;5;241m*[39m[38;5;241m*[39mkwargs)

File [1;32mc:\Users\User\anaconda3\envs\msc-research\lib\site-packages\cartopy\mpl\geoaxes.py:1714[0m, in [0;36mGeoAxes.contourf[1;34m(self, *args, **kwargs)[0m
[0;32m   1711[0m             [38;5;28;01mif[39;00m [38;5;129;01mnot[39;00m [38;5;28mhasattr[39m(sub_trans, [38;5;124m'[39m[38;5;124mforce_path_ccw[39m[38;5;124m'[39m):
[0;32m   1712[0m                 sub_trans[38;5;241m.[39mforce_path_ccw [38;5;241m=[39m [38;5;28;01mTrue[39;00m
[1;32m-> 1714[0m result [38;5;241m=[39m matplotlib[38;5;241m.[39maxes[38;5;241m.[39mAxes[38;5;241m.[39mcontourf([38;5;28mself[39m, [38;5;241m*[39margs, [38;5;241m*[39m[38;5;241m*[39mkwargs)
[0;32m   1716[0m [38;5;66;03m# We need to compute the dataLim correctly for contours.[39;00m
[0;32m   1717[0m bboxes [38;5;241m=[39m [col[38;5;241m.[39mget_datalim([38;5;28mself[39m[38;5;241m.[39mtransData)
[0;32m   1718[0m           [38;5;28;01mfor[39;00m col [38;5;129;01min[39;00m result[38;5;241m.[39mcollections
[0;32m   1719[0m           [38;5;28;01mif[39;00m col[38;5;241m.[39mget_paths()]

File [1;32mc:\Users\User\anaconda3\envs\msc-research\lib\site-packages\matplotlib\__init__.py:1412[0m, in [0;36m_preprocess_data.<locals>.inner[1;34m(ax, data, *args, **kwargs)[0m
[0;32m   1409[0m [38;5;129m@functools[39m[38;5;241m.[39mwraps(func)
[0;32m   1410[0m [38;5;28;01mdef[39;00m [38;5;21minner[39m(ax, [38;5;241m*[39margs, data[38;5;241m=[39m[38;5;28;01mNone[39;00m, [38;5;241m*[39m[38;5;241m*[39mkwargs):
[0;32m   1411[0m     [38;5;28;01mif[39;00m data [38;5;129;01mis[39;00m [38;5;28;01mNone[39;00m:
[1;32m-> 1412[0m         [38;5;28;01mreturn[39;00m func(ax, [38;5;241m*[39m[38;5;28mmap[39m(sanitize_sequence, args), [38;5;241m*[39m[38;5;241m*[39mkwargs)
[0;32m   1414[0m     bound [38;5;241m=[39m new_sig[38;5;241m.[39mbind(ax, [38;5;241m*[39margs, [38;5;241m*[39m[38;5;241m*[39mkwargs)
[0;32m   1415[0m     auto_label [38;5;241m=[39m (bound[38;5;241m.[39marguments[38;5;241m.[39mget(label_namer)
[0;32m   1416[0m                   [38;5;129;01mor[39;00m bound[38;5;241m.[39mkwargs[38;5;241m.[39mget(label_namer))

File [1;32mc:\Users\User\anaconda3\envs\msc-research\lib\site-packages\matplotlib\axes\_axes.py:6317[0m, in [0;36mAxes.contourf[1;34m(self, *args, **kwargs)[0m
[0;32m   6308[0m [38;5;124;03m"""[39;00m
[0;32m   6309[0m [38;5;124;03mPlot filled contours.[39;00m
[0;32m   6310[0m 
[1;32m   (...)[0m
[0;32m   6314[0m [38;5;124;03m%(contour_doc)s[39;00m
[0;32m   6315[0m [38;5;124;03m"""[39;00m
[0;32m   6316[0m kwargs[[38;5;124m'[39m[38;5;124mfilled[39m[38;5;124m'[39m] [38;5;241m=[39m [38;5;28;01mTrue[39;00m
[1;32m-> 6317[0m contours [38;5;241m=[39m mcontour[38;5;241m.[39mQuadContourSet([38;5;28mself[39m, [38;5;241m*[39margs, [38;5;241m*[39m[38;5;241m*[39mkwargs)
[0;32m   6318[0m [38;5;28mself[39m[38;5;241m.[39m_request_autoscale_view()
[0;32m   6319[0m [38;5;28;01mreturn[39;00m contours

File [1;32mc:\Users\User\anaconda3\envs\msc-research\lib\site-packages\matplotlib\contour.py:812[0m, in [0;36mContourSet.__init__[1;34m(self, ax, levels, filled, linewidths, linestyles, hatches, alpha, origin, extent, cmap, colors, norm, vmin, vmax, extend, antialiased, nchunk, locator, transform, *args, **kwargs)[0m
[0;32m    808[0m     [38;5;28mself[39m[38;5;241m.[39morigin [38;5;241m=[39m mpl[38;5;241m.[39mrcParams[[38;5;124m'[39m[38;5;124mimage.origin[39m[38;5;124m'[39m]
[0;32m    810[0m [38;5;28mself[39m[38;5;241m.[39m_transform [38;5;241m=[39m transform
[1;32m--> 812[0m kwargs [38;5;241m=[39m [38;5;28mself[39m[38;5;241m.[39m_process_args([38;5;241m*[39margs, [38;5;241m*[39m[38;5;241m*[39mkwargs)
[0;32m    813[0m [38;5;28mself[39m[38;5;241m.[39m_process_levels()
[0;32m    815[0m [38;5;28mself[39m[38;5;241m.[39m_extend_min [38;5;241m=[39m [38;5;28mself[39m[38;5;241m.[39mextend [38;5;129;01min[39;00m [[38;5;124m'[39m[38;5;124mmin[39m[38;5;124m'[39m, [38;5;124m'[39m[38;5;124mboth[39m[38;5;124m'[39m]

File [1;32mc:\Users\User\anaconda3\envs\msc-research\lib\site-packages\matplotlib\contour.py:1441[0m, in [0;36mQuadContourSet._process_args[1;34m(self, corner_mask, *args, **kwargs)[0m
[0;32m   1438[0m     corner_mask [38;5;241m=[39m mpl[38;5;241m.[39mrcParams[[38;5;124m'[39m[38;5;124mcontour.corner_mask[39m[38;5;124m'[39m]
[0;32m   1439[0m [38;5;28mself[39m[38;5;241m.[39m_corner_mask [38;5;241m=[39m corner_mask
[1;32m-> 1441[0m x, y, z [38;5;241m=[39m [38;5;28;43mself[39;49m[38;5;241;43m.[39;49m[43m_contour_args[49m[43m([49m[43margs[49m[43m,[49m[43m [49m[43mkwargs[49m[43m)[49m
[0;32m   1443[0m _mask [38;5;241m=[39m ma[38;5;241m.[39mgetmask(z)
[0;32m   1444[0m [38;5;28;01mif[39;00m _mask [38;5;129;01mis[39;00m ma[38;5;241m.[39mnomask [38;5;129;01mor[39;00m [38;5;129;01mnot[39;00m _mask[38;5;241m.[39many():

File [1;32mc:\Users\User\anaconda3\envs\msc-research\lib\site-packages\matplotlib\contour.py:1480[0m, in [0;36mQuadContourSet._contour_args[1;34m(self, args, kwargs)[0m
[0;32m   1478[0m     args [38;5;241m=[39m args[[38;5;241m1[39m:]
[0;32m   1479[0m [38;5;28;01melif[39;00m Nargs [38;5;241m<[39m[38;5;241m=[39m [38;5;241m4[39m:
[1;32m-> 1480[0m     x, y, z [38;5;241m=[39m [38;5;28;43mself[39;49m[38;5;241;43m.[39;49m[43m_check_xyz[49m[43m([49m[43margs[49m[43m[[49m[43m:[49m[38;5;241;43m3[39;49m[43m][49m[43m,[49m[43m [49m[43mkwargs[49m[43m)[49m
[0;32m   1481[0m     args [38;5;241m=[39m args[[38;5;241m3[39m:]
[0;32m   1482[0m [38;5;28;01melse[39;00m:

File [1;32mc:\Users\User\anaconda3\envs\msc-research\lib\site-packages\matplotlib\contour.py:1521[0m, in [0;36mQuadContourSet._check_xyz[1;34m(self, args, kwargs)[0m
[0;32m   1519[0m ny, [38;5;241m=[39m y[38;5;241m.[39mshape
[0;32m   1520[0m [38;5;28;01mif[39;00m nx [38;5;241m!=[39m Nx:
[1;32m-> 1521[0m     [38;5;28;01mraise[39;00m [38;5;167;01mTypeError[39;00m([38;5;124mf[39m[38;5;124m"[39m[38;5;124mLength of x ([39m[38;5;132;01m{[39;00mnx[38;5;132;01m}[39;00m[38;5;124m) must match number of [39m[38;5;124m"[39m
[0;32m   1522[0m                     [38;5;124mf[39m[38;5;124m"[39m[38;5;124mcolumns in z ([39m[38;5;132;01m{[39;00mNx[38;5;132;01m}[39;00m[38;5;124m)[39m[38;5;124m"[39m)
[0;32m   1523[0m [38;5;28;01mif[39;00m ny [38;5;241m!=[39m Ny:
[0;32m   1524[0m     [38;5;28;01mraise[39;00m [38;5;167;01mTypeError[39;00m([38;5;124mf[39m[38;5;124m"[39m[38;5;124mLength of y ([39m[38;5;132;01m{[39;00mny[38;5;132;01m}[39;00m[38;5;124m) must match number of [39m[38;5;124m"[39m
[0;32m   1525[0m                     [38;5;124mf[39m[38;5;124m"[39m[38;5;124mrows in z ([39m[38;5;132;01m{[39;00mNy[38;5;132;01m}[39;00m[38;5;124m)[39m[38;5;124m"[39m)

[1;31mTypeError[0m: Length of x (360) must match number of columns in z (71)
TypeError: Length of x (360) must match number of columns in z (71)

